2016-02-15 11:57:23,106 INFO: Generating simulation commands for experiment: gc-early-lineage-split-2
2016-02-15 11:57:23,106 INFO: Opening 1 output files for simulation configuration
2016-02-15 11:57:23,106 INFO: Network model found: network-split-early/gc-early-lineage-split-2-networkmodel.zip
2016-02-15 11:57:23,382 INFO: Generating simulation commands for experiment: gc-late-lineage-split-2
2016-02-15 11:57:23,382 INFO: Opening 1 output files for simulation configuration
2016-02-15 11:57:23,382 INFO: Network model found: network-split-late/gc-late-lineage-split-2-networkmodel.zip
2016-02-15 11:57:23,626 INFO: Generating simulation commands for experiment: gc-early-lineage-coalesce-2
2016-02-15 11:57:23,626 INFO: Opening 1 output files for simulation configuration
2016-02-15 11:57:23,626 INFO: Network model found: network-coalesce-early/gc-early-lineage-coalesce-2-networkmodel.zip
2016-02-15 11:57:23,865 INFO: Generating simulation commands for experiment: gc-late-lineage-coalesce-2
2016-02-15 11:57:23,865 INFO: Opening 1 output files for simulation configuration
2016-02-15 11:57:23,866 INFO: Network model found: network-coalesce-late/gc-late-lineage-coalesce-2-networkmodel.zip
2016-02-16 09:48:46,201 INFO: Generating seriation commands for experiment: gc-early-lineage-split-2
2016-02-16 09:48:46,202 INFO: Opening 1 output files for seriation configuration
2016-02-16 09:48:46,202 INFO: Processing input file: 603a9a6c-d448-11e5-adc1-086266a2412a-0-sampled-500-slicestratified-0.05-resample-0-0.1-unimodal-filtered.txt
2016-02-16 09:48:46,202 INFO: Processing input file: 38ab1bec-d449-11e5-81cb-086266a2412a-0-sampled-500-slicestratified-0.05-resample-0-0.1-unimodal-filtered.txt
2016-02-16 09:48:46,202 INFO: Processing input file: 0d6dbede-d44a-11e5-beca-086266a2412a-0-sampled-500-slicestratified-0.05-resample-0-0.1-unimodal-filtered.txt
2016-02-16 09:48:46,202 INFO: Processing input file: e1387560-d44a-11e5-bbe6-086266a2412a-0-sampled-500-slicestratified-0.05-resample-0-0.1-unimodal-filtered.txt
2016-02-16 09:48:46,202 INFO: Processing input file: b7236658-d44b-11e5-bd6b-086266a2412a-0-sampled-500-slicestratified-0.05-resample-0-0.1-unimodal-filtered.txt
2016-02-16 09:48:46,202 INFO: Processing input file: 90f141fc-d44c-11e5-9e4f-086266a2412a-0-sampled-500-slicestratified-0.05-resample-0-0.1-unimodal-filtered.txt
2016-02-16 09:48:46,202 INFO: Processing input file: 63317970-d44d-11e5-86ea-086266a2412a-0-sampled-500-slicestratified-0.05-resample-0-0.1-unimodal-filtered.txt
2016-02-16 09:48:46,203 INFO: Processing input file: 4012d938-d44e-11e5-8528-086266a2412a-0-sampled-500-slicestratified-0.05-resample-0-0.1-unimodal-filtered.txt
2016-02-16 09:48:46,203 INFO: Processing input file: 10d98616-d44f-11e5-9ed3-086266a2412a-0-sampled-500-slicestratified-0.05-resample-0-0.1-unimodal-filtered.txt
2016-02-16 09:48:46,203 INFO: Processing input file: e2cda9c2-d44f-11e5-b658-086266a2412a-0-sampled-500-slicestratified-0.05-resample-0-0.1-unimodal-filtered.txt
2016-02-16 09:48:46,203 INFO: Processing input file: b5b22ffc-d450-11e5-a459-086266a2412a-0-sampled-500-slicestratified-0.05-resample-0-0.1-unimodal-filtered.txt
2016-02-16 09:48:46,203 INFO: Processing input file: a7f306c4-d451-11e5-ab76-086266a2412a-0-sampled-500-slicestratified-0.05-resample-0-0.1-unimodal-filtered.txt
2016-02-16 09:48:46,203 INFO: Processing input file: 7a08d170-d452-11e5-9c4c-086266a2412a-0-sampled-500-slicestratified-0.05-resample-0-0.1-unimodal-filtered.txt
2016-02-16 09:48:46,203 INFO: Processing input file: 4d52aa2e-d453-11e5-9c43-086266a2412a-0-sampled-500-slicestratified-0.05-resample-0-0.1-unimodal-filtered.txt
2016-02-16 09:48:46,203 INFO: Processing input file: 219b95fc-d454-11e5-933c-086266a2412a-0-sampled-500-slicestratified-0.05-resample-0-0.1-unimodal-filtered.txt
2016-02-16 09:48:46,203 INFO: Processing input file: f23fe1ea-d454-11e5-8e88-086266a2412a-0-sampled-500-slicestratified-0.05-resample-0-0.1-unimodal-filtered.txt
2016-02-16 09:48:46,203 INFO: Processing input file: d0e374de-d455-11e5-b60f-086266a2412a-0-sampled-500-slicestratified-0.05-resample-0-0.1-unimodal-filtered.txt
2016-02-16 09:48:46,203 INFO: Processing input file: a2cbd82e-d456-11e5-8adc-086266a2412a-0-sampled-500-slicestratified-0.05-resample-0-0.1-unimodal-filtered.txt
2016-02-16 09:48:46,203 INFO: Processing input file: 769a8a24-d457-11e5-aa98-086266a2412a-0-sampled-500-slicestratified-0.05-resample-0-0.1-unimodal-filtered.txt
2016-02-16 09:48:46,203 INFO: Processing input file: 495be6ba-d458-11e5-8091-086266a2412a-0-sampled-500-slicestratified-0.05-resample-0-0.1-unimodal-filtered.txt
2016-02-16 09:48:46,203 INFO: Processing input file: 21271b5a-d459-11e5-ac28-086266a2412a-0-sampled-500-slicestratified-0.05-resample-0-0.1-unimodal-filtered.txt
2016-02-16 09:48:46,204 INFO: Processing input file: f2faa7e6-d459-11e5-acbe-086266a2412a-0-sampled-500-slicestratified-0.05-resample-0-0.1-unimodal-filtered.txt
2016-02-16 09:48:46,204 INFO: Processing input file: c3be9586-d45a-11e5-a3e5-086266a2412a-0-sampled-500-slicestratified-0.05-resample-0-0.1-unimodal-filtered.txt
2016-02-16 09:48:46,204 INFO: Processing input file: a10cbde6-d45b-11e5-8a80-086266a2412a-0-sampled-500-slicestratified-0.05-resample-0-0.1-unimodal-filtered.txt
2016-02-16 09:48:46,204 INFO: Processing input file: 77ed514a-d45c-11e5-8312-086266a2412a-0-sampled-500-slicestratified-0.05-resample-0-0.1-unimodal-filtered.txt
2016-02-16 09:48:46,204 INFO: Processing input file: 5222681e-d45d-11e5-a159-086266a2412a-0-sampled-500-slicestratified-0.05-resample-0-0.1-unimodal-filtered.txt
2016-02-16 09:48:46,204 INFO: Processing input file: 2fe0a9a4-d45e-11e5-82d4-086266a2412a-0-sampled-500-slicestratified-0.05-resample-0-0.1-unimodal-filtered.txt
2016-02-16 09:48:46,204 INFO: Processing input file: 0bcd378e-d45f-11e5-8d68-086266a2412a-0-sampled-500-slicestratified-0.05-resample-0-0.1-unimodal-filtered.txt
2016-02-16 09:48:46,204 INFO: Processing input file: ea819538-d45f-11e5-84ef-086266a2412a-0-sampled-500-slicestratified-0.05-resample-0-0.1-unimodal-filtered.txt
2016-02-16 09:48:46,204 INFO: Processing input file: c8729572-d460-11e5-a891-086266a2412a-0-sampled-500-slicestratified-0.05-resample-0-0.1-unimodal-filtered.txt
2016-02-16 09:48:46,204 INFO: Processing input file: a4587a20-d461-11e5-a4ad-086266a2412a-0-sampled-500-slicestratified-0.05-resample-0-0.1-unimodal-filtered.txt
2016-02-16 09:48:46,204 INFO: Processing input file: 816efbc8-d462-11e5-a43d-086266a2412a-0-sampled-500-slicestratified-0.05-resample-0-0.1-unimodal-filtered.txt
2016-02-16 09:48:46,204 INFO: Processing input file: 5dbbe5dc-d463-11e5-8660-086266a2412a-0-sampled-500-slicestratified-0.05-resample-0-0.1-unimodal-filtered.txt
2016-02-16 09:48:46,204 INFO: Processing input file: 3a4c8470-d464-11e5-bdf1-086266a2412a-0-sampled-500-slicestratified-0.05-resample-0-0.1-unimodal-filtered.txt
2016-02-16 09:48:46,204 INFO: Processing input file: 1560c968-d465-11e5-a16b-086266a2412a-0-sampled-500-slicestratified-0.05-resample-0-0.1-unimodal-filtered.txt
2016-02-16 09:48:46,205 INFO: Processing input file: f8a6f378-d465-11e5-a9f4-086266a2412a-0-sampled-500-slicestratified-0.05-resample-0-0.1-unimodal-filtered.txt
2016-02-16 09:48:46,205 INFO: Processing input file: d3d9530a-d466-11e5-8997-086266a2412a-0-sampled-500-slicestratified-0.05-resample-0-0.1-unimodal-filtered.txt
2016-02-16 09:48:46,205 INFO: Processing input file: af925e50-d467-11e5-82bf-086266a2412a-0-sampled-500-slicestratified-0.05-resample-0-0.1-unimodal-filtered.txt
2016-02-16 09:48:46,205 INFO: Processing input file: 8bd26cfc-d468-11e5-b338-086266a2412a-0-sampled-500-slicestratified-0.05-resample-0-0.1-unimodal-filtered.txt
2016-02-16 09:48:46,205 INFO: Processing input file: 667ee088-d469-11e5-8ace-086266a2412a-0-sampled-500-slicestratified-0.05-resample-0-0.1-unimodal-filtered.txt
2016-02-16 09:48:46,205 INFO: Processing input file: 455ae4aa-d46a-11e5-a5d6-086266a2412a-0-sampled-500-slicestratified-0.05-resample-0-0.1-unimodal-filtered.txt
2016-02-16 09:48:46,205 INFO: Processing input file: 29bf2f84-d46b-11e5-ae6e-086266a2412a-0-sampled-500-slicestratified-0.05-resample-0-0.1-unimodal-filtered.txt
2016-02-16 09:48:46,205 INFO: Processing input file: 05d5fc46-d46c-11e5-8b52-086266a2412a-0-sampled-500-slicestratified-0.05-resample-0-0.1-unimodal-filtered.txt
2016-02-16 09:48:46,205 INFO: Processing input file: e20804e8-d46c-11e5-b0df-086266a2412a-0-sampled-500-slicestratified-0.05-resample-0-0.1-unimodal-filtered.txt
2016-02-16 09:48:46,205 INFO: Processing input file: c5d3e840-d46d-11e5-abc9-086266a2412a-0-sampled-500-slicestratified-0.05-resample-0-0.1-unimodal-filtered.txt
2016-02-16 09:48:46,205 INFO: Processing input file: a2170e36-d46e-11e5-955d-086266a2412a-0-sampled-500-slicestratified-0.05-resample-0-0.1-unimodal-filtered.txt
2016-02-16 09:48:46,205 INFO: Processing input file: 7d6bf082-d46f-11e5-9196-086266a2412a-0-sampled-500-slicestratified-0.05-resample-0-0.1-unimodal-filtered.txt
2016-02-16 09:48:46,205 INFO: Processing input file: 58d0d5b6-d470-11e5-a442-086266a2412a-0-sampled-500-slicestratified-0.05-resample-0-0.1-unimodal-filtered.txt
2016-02-16 09:48:46,205 INFO: Processing input file: 36f80814-d471-11e5-bf27-086266a2412a-0-sampled-500-slicestratified-0.05-resample-0-0.1-unimodal-filtered.txt
2016-02-16 09:48:46,206 INFO: Processing input file: 1d3087a2-d472-11e5-b13c-086266a2412a-0-sampled-500-slicestratified-0.05-resample-0-0.1-unimodal-filtered.txt
2016-02-16 09:48:46,396 INFO: Generating seriation commands for experiment: gc-late-lineage-split-2
2016-02-16 09:48:46,396 INFO: Opening 1 output files for seriation configuration
2016-02-16 09:48:46,396 INFO: Processing input file: 357a70b8-d49d-11e5-9436-086266a2412a-0-sampled-500-slicestratified-0.12-resample-0-0.1-unimodal-filtered.txt
2016-02-16 09:48:46,396 INFO: Processing input file: 0a4e3f72-d49e-11e5-a273-086266a2412a-0-sampled-500-slicestratified-0.12-resample-0-0.1-unimodal-filtered.txt
2016-02-16 09:48:46,396 INFO: Processing input file: de5da9f6-d49e-11e5-aa23-086266a2412a-0-sampled-500-slicestratified-0.12-resample-0-0.1-unimodal-filtered.txt
2016-02-16 09:48:46,397 INFO: Processing input file: b41ac178-d49f-11e5-90ea-086266a2412a-0-sampled-500-slicestratified-0.12-resample-0-0.1-unimodal-filtered.txt
2016-02-16 09:48:46,397 INFO: Processing input file: 87556732-d4a0-11e5-8fb3-086266a2412a-0-sampled-500-slicestratified-0.12-resample-0-0.1-unimodal-filtered.txt
2016-02-16 09:48:46,397 INFO: Processing input file: 6feb7108-d4a1-11e5-ab5e-086266a2412a-0-sampled-500-slicestratified-0.12-resample-0-0.1-unimodal-filtered.txt
2016-02-16 09:48:46,397 INFO: Processing input file: 48e36ea2-d4a2-11e5-a511-086266a2412a-0-sampled-500-slicestratified-0.12-resample-0-0.1-unimodal-filtered.txt
2016-02-16 09:48:46,397 INFO: Processing input file: 1d814b8e-d4a3-11e5-9589-086266a2412a-0-sampled-500-slicestratified-0.12-resample-0-0.1-unimodal-filtered.txt
2016-02-16 09:48:46,397 INFO: Processing input file: f28cff94-d4a3-11e5-98fb-086266a2412a-0-sampled-500-slicestratified-0.12-resample-0-0.1-unimodal-filtered.txt
2016-02-16 09:48:46,397 INFO: Processing input file: c858a7fe-d4a4-11e5-821f-086266a2412a-0-sampled-500-slicestratified-0.12-resample-0-0.1-unimodal-filtered.txt
2016-02-16 09:48:46,397 INFO: Processing input file: 9d42726a-d4a5-11e5-91d0-086266a2412a-0-sampled-500-slicestratified-0.12-resample-0-0.1-unimodal-filtered.txt
2016-02-16 09:48:46,397 INFO: Processing input file: 71af6eea-d4a6-11e5-ac9f-086266a2412a-0-sampled-500-slicestratified-0.12-resample-0-0.1-unimodal-filtered.txt
2016-02-16 09:48:46,397 INFO: Processing input file: 467a0752-d4a7-11e5-8bda-086266a2412a-0-sampled-500-slicestratified-0.12-resample-0-0.1-unimodal-filtered.txt
2016-02-16 09:48:46,397 INFO: Processing input file: 1ad56032-d4a8-11e5-8ed2-086266a2412a-0-sampled-500-slicestratified-0.12-resample-0-0.1-unimodal-filtered.txt
2016-02-16 09:48:46,397 INFO: Processing input file: f3aa6b6e-d4a8-11e5-8c57-086266a2412a-0-sampled-500-slicestratified-0.12-resample-0-0.1-unimodal-filtered.txt
2016-02-16 09:48:46,397 INFO: Processing input file: c7d92e84-d4a9-11e5-b56b-086266a2412a-0-sampled-500-slicestratified-0.12-resample-0-0.1-unimodal-filtered.txt
2016-02-16 09:48:46,397 INFO: Processing input file: 9cc09ca4-d4aa-11e5-a0f3-086266a2412a-0-sampled-500-slicestratified-0.12-resample-0-0.1-unimodal-filtered.txt
2016-02-16 09:48:46,398 INFO: Processing input file: 73ad8bc8-d4ab-11e5-9426-086266a2412a-0-sampled-500-slicestratified-0.12-resample-0-0.1-unimodal-filtered.txt
2016-02-16 09:48:46,398 INFO: Processing input file: 4b0c7ade-d4ac-11e5-9fba-086266a2412a-0-sampled-500-slicestratified-0.12-resample-0-0.1-unimodal-filtered.txt
2016-02-16 09:48:46,398 INFO: Processing input file: 240b4acc-d4ad-11e5-a881-086266a2412a-0-sampled-500-slicestratified-0.12-resample-0-0.1-unimodal-filtered.txt
2016-02-16 09:48:46,398 INFO: Processing input file: f9704f0a-d4ad-11e5-b861-086266a2412a-0-sampled-500-slicestratified-0.12-resample-0-0.1-unimodal-filtered.txt
2016-02-16 09:48:46,398 INFO: Processing input file: cd320a54-d4ae-11e5-862f-086266a2412a-0-sampled-500-slicestratified-0.12-resample-0-0.1-unimodal-filtered.txt
2016-02-16 09:48:46,398 INFO: Processing input file: 9fac2ae6-d4af-11e5-8ce1-086266a2412a-0-sampled-500-slicestratified-0.12-resample-0-0.1-unimodal-filtered.txt
2016-02-16 09:48:46,398 INFO: Processing input file: 7746dc9e-d4b0-11e5-9b7a-086266a2412a-0-sampled-500-slicestratified-0.12-resample-0-0.1-unimodal-filtered.txt
2016-02-16 09:48:46,398 INFO: Processing input file: 4c48547c-d4b1-11e5-860e-086266a2412a-0-sampled-500-slicestratified-0.12-resample-0-0.1-unimodal-filtered.txt
2016-02-16 09:48:46,398 INFO: Processing input file: 1fb1d9dc-d4b2-11e5-ba3b-086266a2412a-0-sampled-500-slicestratified-0.12-resample-0-0.1-unimodal-filtered.txt
2016-02-16 09:48:46,398 INFO: Processing input file: f558ee0e-d4b2-11e5-888a-086266a2412a-0-sampled-500-slicestratified-0.12-resample-0-0.1-unimodal-filtered.txt
2016-02-16 09:48:46,398 INFO: Processing input file: cd285496-d4b3-11e5-8e65-086266a2412a-0-sampled-500-slicestratified-0.12-resample-0-0.1-unimodal-filtered.txt
2016-02-16 09:48:46,398 INFO: Processing input file: a19bb402-d4b4-11e5-b0b8-086266a2412a-0-sampled-500-slicestratified-0.12-resample-0-0.1-unimodal-filtered.txt
2016-02-16 09:48:46,398 INFO: Processing input file: 76845f02-d4b5-11e5-aec8-086266a2412a-0-sampled-500-slicestratified-0.12-resample-0-0.1-unimodal-filtered.txt
2016-02-16 09:48:46,398 INFO: Processing input file: 4c8b365c-d4b6-11e5-9b37-086266a2412a-0-sampled-500-slicestratified-0.12-resample-0-0.1-unimodal-filtered.txt
2016-02-16 09:48:46,399 INFO: Processing input file: 230d01ce-d4b7-11e5-86e5-086266a2412a-0-sampled-500-slicestratified-0.12-resample-0-0.1-unimodal-filtered.txt
2016-02-16 09:48:46,399 INFO: Processing input file: f716c43c-d4b7-11e5-b325-086266a2412a-0-sampled-500-slicestratified-0.12-resample-0-0.1-unimodal-filtered.txt
2016-02-16 09:48:46,399 INFO: Processing input file: cc22214e-d4b8-11e5-8623-086266a2412a-0-sampled-500-slicestratified-0.12-resample-0-0.1-unimodal-filtered.txt
2016-02-16 09:48:46,399 INFO: Processing input file: 9f9c83ac-d4b9-11e5-a17e-086266a2412a-0-sampled-500-slicestratified-0.12-resample-0-0.1-unimodal-filtered.txt
2016-02-16 09:48:46,399 INFO: Processing input file: 750516b2-d4ba-11e5-893c-086266a2412a-0-sampled-500-slicestratified-0.12-resample-0-0.1-unimodal-filtered.txt
2016-02-16 09:48:46,399 INFO: Processing input file: 4af8615c-d4bb-11e5-af1f-086266a2412a-0-sampled-500-slicestratified-0.12-resample-0-0.1-unimodal-filtered.txt
2016-02-16 09:48:46,399 INFO: Processing input file: 1e06572a-d4bc-11e5-b735-086266a2412a-0-sampled-500-slicestratified-0.12-resample-0-0.1-unimodal-filtered.txt
2016-02-16 09:48:46,399 INFO: Processing input file: f181d4e4-d4bc-11e5-ab8a-086266a2412a-0-sampled-500-slicestratified-0.12-resample-0-0.1-unimodal-filtered.txt
2016-02-16 09:48:46,399 INFO: Processing input file: c63f7d12-d4bd-11e5-9462-086266a2412a-0-sampled-500-slicestratified-0.12-resample-0-0.1-unimodal-filtered.txt
2016-02-16 09:48:46,399 INFO: Processing input file: 9cf6630c-d4be-11e5-a495-086266a2412a-0-sampled-500-slicestratified-0.12-resample-0-0.1-unimodal-filtered.txt
2016-02-16 09:48:46,399 INFO: Processing input file: 70a0c116-d4bf-11e5-931c-086266a2412a-0-sampled-500-slicestratified-0.12-resample-0-0.1-unimodal-filtered.txt
2016-02-16 09:48:46,399 INFO: Processing input file: 442b42ea-d4c0-11e5-a535-086266a2412a-0-sampled-500-slicestratified-0.12-resample-0-0.1-unimodal-filtered.txt
2016-02-16 09:48:46,399 INFO: Processing input file: 18dfcba0-d4c1-11e5-ae8d-086266a2412a-0-sampled-500-slicestratified-0.12-resample-0-0.1-unimodal-filtered.txt
2016-02-16 09:48:46,399 INFO: Processing input file: ed18c868-d4c1-11e5-8e61-086266a2412a-0-sampled-500-slicestratified-0.12-resample-0-0.1-unimodal-filtered.txt
2016-02-16 09:48:46,400 INFO: Processing input file: c1f4c5c8-d4c2-11e5-94fa-086266a2412a-0-sampled-500-slicestratified-0.12-resample-0-0.1-unimodal-filtered.txt
2016-02-16 09:48:46,400 INFO: Processing input file: 97cd2dc0-d4c3-11e5-bc55-086266a2412a-0-sampled-500-slicestratified-0.12-resample-0-0.1-unimodal-filtered.txt
2016-02-16 09:48:46,400 INFO: Processing input file: 6c5a6e9a-d4c4-11e5-b742-086266a2412a-0-sampled-500-slicestratified-0.12-resample-0-0.1-unimodal-filtered.txt
2016-02-16 09:48:46,400 INFO: Processing input file: 3fd21246-d4c5-11e5-a717-086266a2412a-0-sampled-500-slicestratified-0.12-resample-0-0.1-unimodal-filtered.txt
2016-02-16 09:48:46,400 INFO: Processing input file: 14192ba2-d4c6-11e5-b413-086266a2412a-0-sampled-500-slicestratified-0.12-resample-0-0.1-unimodal-filtered.txt
2016-02-16 09:48:46,590 INFO: Generating seriation commands for experiment: gc-early-lineage-coalesce-2
2016-02-16 09:48:46,590 INFO: Opening 1 output files for seriation configuration
2016-02-16 09:48:46,590 INFO: Processing input file: 54d22a70-d41e-11e5-bcd4-086266a2412a-0-sampled-500-slicestratified-0.05-resample-0-0.1-unimodal-filtered.txt
2016-02-16 09:48:46,590 INFO: Processing input file: 2c02773e-d41f-11e5-9e5f-086266a2412a-0-sampled-500-slicestratified-0.05-resample-0-0.1-unimodal-filtered.txt
2016-02-16 09:48:46,590 INFO: Processing input file: 032833b6-d420-11e5-9c3f-086266a2412a-0-sampled-500-slicestratified-0.05-resample-0-0.1-unimodal-filtered.txt
2016-02-16 09:48:46,590 INFO: Processing input file: df25aca4-d420-11e5-a0ba-086266a2412a-0-sampled-500-slicestratified-0.05-resample-0-0.1-unimodal-filtered.txt
2016-02-16 09:48:46,590 INFO: Processing input file: bba144cc-d421-11e5-9e2c-086266a2412a-0-sampled-500-slicestratified-0.05-resample-0-0.1-unimodal-filtered.txt
2016-02-16 09:48:46,590 INFO: Processing input file: 99ab0960-d422-11e5-97ee-086266a2412a-0-sampled-500-slicestratified-0.05-resample-0-0.1-unimodal-filtered.txt
2016-02-16 09:48:46,591 INFO: Processing input file: 75d226da-d423-11e5-bd15-086266a2412a-0-sampled-500-slicestratified-0.05-resample-0-0.1-unimodal-filtered.txt
2016-02-16 09:48:46,591 INFO: Processing input file: 54b046ca-d424-11e5-bae5-086266a2412a-0-sampled-500-slicestratified-0.05-resample-0-0.1-unimodal-filtered.txt
2016-02-16 09:48:46,591 INFO: Processing input file: 2fb0b214-d425-11e5-9178-086266a2412a-0-sampled-500-slicestratified-0.05-resample-0-0.1-unimodal-filtered.txt
2016-02-16 09:48:46,591 INFO: Processing input file: 0c8bf478-d426-11e5-8adb-086266a2412a-0-sampled-500-slicestratified-0.05-resample-0-0.1-unimodal-filtered.txt
2016-02-16 09:48:46,591 INFO: Processing input file: e853cbac-d426-11e5-b2d3-086266a2412a-0-sampled-500-slicestratified-0.05-resample-0-0.1-unimodal-filtered.txt
2016-02-16 09:48:46,591 INFO: Processing input file: c65a0aba-d427-11e5-8c4d-086266a2412a-0-sampled-500-slicestratified-0.05-resample-0-0.1-unimodal-filtered.txt
2016-02-16 09:48:46,591 INFO: Processing input file: a735922a-d428-11e5-9e5d-086266a2412a-0-sampled-500-slicestratified-0.05-resample-0-0.1-unimodal-filtered.txt
2016-02-16 09:48:46,591 INFO: Processing input file: 7e7acae8-d429-11e5-90db-086266a2412a-0-sampled-500-slicestratified-0.05-resample-0-0.1-unimodal-filtered.txt
2016-02-16 09:48:46,591 INFO: Processing input file: 504b2c52-d42a-11e5-9b2d-086266a2412a-0-sampled-500-slicestratified-0.05-resample-0-0.1-unimodal-filtered.txt
2016-02-16 09:48:46,591 INFO: Processing input file: 2140b5f2-d42b-11e5-9ca1-086266a2412a-0-sampled-500-slicestratified-0.05-resample-0-0.1-unimodal-filtered.txt
2016-02-16 09:48:46,591 INFO: Processing input file: f39d6f7c-d42b-11e5-bdbe-086266a2412a-0-sampled-500-slicestratified-0.05-resample-0-0.1-unimodal-filtered.txt
2016-02-16 09:48:46,591 INFO: Processing input file: c717558e-d42c-11e5-bf86-086266a2412a-0-sampled-500-slicestratified-0.05-resample-0-0.1-unimodal-filtered.txt
2016-02-16 09:48:46,591 INFO: Processing input file: 98a9ee18-d42d-11e5-bc14-086266a2412a-0-sampled-500-slicestratified-0.05-resample-0-0.1-unimodal-filtered.txt
2016-02-16 09:48:46,591 INFO: Processing input file: 6af22a8e-d42e-11e5-a120-086266a2412a-0-sampled-500-slicestratified-0.05-resample-0-0.1-unimodal-filtered.txt
2016-02-16 09:48:46,592 INFO: Processing input file: 3dffeab0-d42f-11e5-b057-086266a2412a-0-sampled-500-slicestratified-0.05-resample-0-0.1-unimodal-filtered.txt
2016-02-16 09:48:46,592 INFO: Processing input file: 111f5a66-d430-11e5-9818-086266a2412a-0-sampled-500-slicestratified-0.05-resample-0-0.1-unimodal-filtered.txt
2016-02-16 09:48:46,592 INFO: Processing input file: e2e2e202-d430-11e5-8ef0-086266a2412a-0-sampled-500-slicestratified-0.05-resample-0-0.1-unimodal-filtered.txt
2016-02-16 09:48:46,592 INFO: Processing input file: b78c3850-d431-11e5-949e-086266a2412a-0-sampled-500-slicestratified-0.05-resample-0-0.1-unimodal-filtered.txt
2016-02-16 09:48:46,592 INFO: Processing input file: 8903e1d0-d432-11e5-85c4-086266a2412a-0-sampled-500-slicestratified-0.05-resample-0-0.1-unimodal-filtered.txt
2016-02-16 09:48:46,592 INFO: Processing input file: 5c180a60-d433-11e5-beb5-086266a2412a-0-sampled-500-slicestratified-0.05-resample-0-0.1-unimodal-filtered.txt
2016-02-16 09:48:46,592 INFO: Processing input file: 318e24c2-d434-11e5-bd45-086266a2412a-0-sampled-500-slicestratified-0.05-resample-0-0.1-unimodal-filtered.txt
2016-02-16 09:48:46,592 INFO: Processing input file: 04fe4bf2-d435-11e5-ae87-086266a2412a-0-sampled-500-slicestratified-0.05-resample-0-0.1-unimodal-filtered.txt
2016-02-16 09:48:46,592 INFO: Processing input file: d88d3c94-d435-11e5-a8d2-086266a2412a-0-sampled-500-slicestratified-0.05-resample-0-0.1-unimodal-filtered.txt
2016-02-16 09:48:46,592 INFO: Processing input file: ac5137ec-d436-11e5-a5ee-086266a2412a-0-sampled-500-slicestratified-0.05-resample-0-0.1-unimodal-filtered.txt
2016-02-16 09:48:46,592 INFO: Processing input file: 81dae160-d437-11e5-be51-086266a2412a-0-sampled-500-slicestratified-0.05-resample-0-0.1-unimodal-filtered.txt
2016-02-16 09:48:46,592 INFO: Processing input file: 64f960d4-d438-11e5-8827-086266a2412a-0-sampled-500-slicestratified-0.05-resample-0-0.1-unimodal-filtered.txt
2016-02-16 09:48:46,592 INFO: Processing input file: 3c00a1be-d439-11e5-8a85-086266a2412a-0-sampled-500-slicestratified-0.05-resample-0-0.1-unimodal-filtered.txt
2016-02-16 09:48:46,592 INFO: Processing input file: 109f16d0-d43a-11e5-bea3-086266a2412a-0-sampled-500-slicestratified-0.05-resample-0-0.1-unimodal-filtered.txt
2016-02-16 09:48:46,593 INFO: Processing input file: e5ed67ec-d43a-11e5-a876-086266a2412a-0-sampled-500-slicestratified-0.05-resample-0-0.1-unimodal-filtered.txt
2016-02-16 09:48:46,593 INFO: Processing input file: ba79ee9a-d43b-11e5-9f32-086266a2412a-0-sampled-500-slicestratified-0.05-resample-0-0.1-unimodal-filtered.txt
2016-02-16 09:48:46,593 INFO: Processing input file: 8f3d2444-d43c-11e5-8876-086266a2412a-0-sampled-500-slicestratified-0.05-resample-0-0.1-unimodal-filtered.txt
2016-02-16 09:48:46,593 INFO: Processing input file: 63556d4a-d43d-11e5-9612-086266a2412a-0-sampled-500-slicestratified-0.05-resample-0-0.1-unimodal-filtered.txt
2016-02-16 09:48:46,593 INFO: Processing input file: 39acae94-d43e-11e5-beaa-086266a2412a-0-sampled-500-slicestratified-0.05-resample-0-0.1-unimodal-filtered.txt
2016-02-16 09:48:46,593 INFO: Processing input file: 0f908d14-d43f-11e5-a434-086266a2412a-0-sampled-500-slicestratified-0.05-resample-0-0.1-unimodal-filtered.txt
2016-02-16 09:48:46,593 INFO: Processing input file: ec5014ea-d43f-11e5-ae5d-086266a2412a-0-sampled-500-slicestratified-0.05-resample-0-0.1-unimodal-filtered.txt
2016-02-16 09:48:46,593 INFO: Processing input file: c928de06-d440-11e5-ae74-086266a2412a-0-sampled-500-slicestratified-0.05-resample-0-0.1-unimodal-filtered.txt
2016-02-16 09:48:46,593 INFO: Processing input file: a6013e5e-d441-11e5-abf1-086266a2412a-0-sampled-500-slicestratified-0.05-resample-0-0.1-unimodal-filtered.txt
2016-02-16 09:48:46,593 INFO: Processing input file: 82349f6a-d442-11e5-9ab2-086266a2412a-0-sampled-500-slicestratified-0.05-resample-0-0.1-unimodal-filtered.txt
2016-02-16 09:48:46,593 INFO: Processing input file: 6cad82dc-d443-11e5-9ebf-086266a2412a-0-sampled-500-slicestratified-0.05-resample-0-0.1-unimodal-filtered.txt
2016-02-16 09:48:46,593 INFO: Processing input file: 3e308728-d444-11e5-b649-086266a2412a-0-sampled-500-slicestratified-0.05-resample-0-0.1-unimodal-filtered.txt
2016-02-16 09:48:46,593 INFO: Processing input file: 152d689a-d445-11e5-aba7-086266a2412a-0-sampled-500-slicestratified-0.05-resample-0-0.1-unimodal-filtered.txt
2016-02-16 09:48:46,593 INFO: Processing input file: e8864aea-d445-11e5-88a6-086266a2412a-0-sampled-500-slicestratified-0.05-resample-0-0.1-unimodal-filtered.txt
2016-02-16 09:48:46,594 INFO: Processing input file: b5f94b58-d446-11e5-8005-086266a2412a-0-sampled-500-slicestratified-0.05-resample-0-0.1-unimodal-filtered.txt
2016-02-16 09:48:46,594 INFO: Processing input file: 891832a6-d447-11e5-9038-086266a2412a-0-sampled-500-slicestratified-0.05-resample-0-0.1-unimodal-filtered.txt
2016-02-16 09:48:46,785 INFO: Generating seriation commands for experiment: gc-late-lineage-coalesce-2
2016-02-16 09:48:46,785 INFO: Opening 1 output files for seriation configuration
2016-02-16 09:48:46,785 INFO: Processing input file: f8884b6e-d472-11e5-a794-086266a2412a-0-sampled-500-slicestratified-0.12-resample-0-0.1-unimodal-filtered.txt
2016-02-16 09:48:46,785 INFO: Processing input file: d4df92c0-d473-11e5-821b-086266a2412a-0-sampled-500-slicestratified-0.12-resample-0-0.1-unimodal-filtered.txt
2016-02-16 09:48:46,785 INFO: Processing input file: b1c7c37e-d474-11e5-b0ba-086266a2412a-0-sampled-500-slicestratified-0.12-resample-0-0.1-unimodal-filtered.txt
2016-02-16 09:48:46,785 INFO: Processing input file: 8e2cb022-d475-11e5-89cc-086266a2412a-0-sampled-500-slicestratified-0.12-resample-0-0.1-unimodal-filtered.txt
2016-02-16 09:48:46,785 INFO: Processing input file: 69994c92-d476-11e5-b963-086266a2412a-0-sampled-500-slicestratified-0.12-resample-0-0.1-unimodal-filtered.txt
2016-02-16 09:48:46,786 INFO: Processing input file: 3bd382e0-d477-11e5-aea1-086266a2412a-0-sampled-500-slicestratified-0.12-resample-0-0.1-unimodal-filtered.txt
2016-02-16 09:48:46,786 INFO: Processing input file: 0ddcad8e-d478-11e5-a81e-086266a2412a-0-sampled-500-slicestratified-0.12-resample-0-0.1-unimodal-filtered.txt
2016-02-16 09:48:46,786 INFO: Processing input file: e1ac13b6-d478-11e5-acde-086266a2412a-0-sampled-500-slicestratified-0.12-resample-0-0.1-unimodal-filtered.txt
2016-02-16 09:48:46,786 INFO: Processing input file: bc3f57ea-d479-11e5-8680-086266a2412a-0-sampled-500-slicestratified-0.12-resample-0-0.1-unimodal-filtered.txt
2016-02-16 09:48:46,786 INFO: Processing input file: 8e0e0852-d47a-11e5-baf7-086266a2412a-0-sampled-500-slicestratified-0.12-resample-0-0.1-unimodal-filtered.txt
2016-02-16 09:48:46,786 INFO: Processing input file: 5fff28be-d47b-11e5-b8d6-086266a2412a-0-sampled-500-slicestratified-0.12-resample-0-0.1-unimodal-filtered.txt
2016-02-16 09:48:46,786 INFO: Processing input file: 323f11ea-d47c-11e5-8c20-086266a2412a-0-sampled-500-slicestratified-0.12-resample-0-0.1-unimodal-filtered.txt
2016-02-16 09:48:46,786 INFO: Processing input file: 0e3b7616-d47d-11e5-86f1-086266a2412a-0-sampled-500-slicestratified-0.12-resample-0-0.1-unimodal-filtered.txt
2016-02-16 09:48:46,786 INFO: Processing input file: dfb721c2-d47d-11e5-8315-086266a2412a-0-sampled-500-slicestratified-0.12-resample-0-0.1-unimodal-filtered.txt
2016-02-16 09:48:46,786 INFO: Processing input file: b0945486-d47e-11e5-8bb2-086266a2412a-0-sampled-500-slicestratified-0.12-resample-0-0.1-unimodal-filtered.txt
2016-02-16 09:48:46,786 INFO: Processing input file: 81f49db0-d47f-11e5-b7f7-086266a2412a-0-sampled-500-slicestratified-0.12-resample-0-0.1-unimodal-filtered.txt
2016-02-16 09:48:46,786 INFO: Processing input file: 54b8b0d8-d480-11e5-95e5-086266a2412a-0-sampled-500-slicestratified-0.12-resample-0-0.1-unimodal-filtered.txt
2016-02-16 09:48:46,786 INFO: Processing input file: 2f2f4ab0-d481-11e5-9e27-086266a2412a-0-sampled-500-slicestratified-0.12-resample-0-0.1-unimodal-filtered.txt
2016-02-16 09:48:46,787 INFO: Processing input file: 01523c6e-d482-11e5-9156-086266a2412a-0-sampled-500-slicestratified-0.12-resample-0-0.1-unimodal-filtered.txt
2016-02-16 09:48:46,787 INFO: Processing input file: d307569a-d482-11e5-8c78-086266a2412a-0-sampled-500-slicestratified-0.12-resample-0-0.1-unimodal-filtered.txt
2016-02-16 09:48:46,787 INFO: Processing input file: a5661194-d483-11e5-b7b2-086266a2412a-0-sampled-500-slicestratified-0.12-resample-0-0.1-unimodal-filtered.txt
2016-02-16 09:48:46,787 INFO: Processing input file: 7637aa6c-d484-11e5-803e-086266a2412a-0-sampled-500-slicestratified-0.12-resample-0-0.1-unimodal-filtered.txt
2016-02-16 09:48:46,787 INFO: Processing input file: 47d3a0d0-d485-11e5-9867-086266a2412a-0-sampled-500-slicestratified-0.12-resample-0-0.1-unimodal-filtered.txt
2016-02-16 09:48:46,787 INFO: Processing input file: 1b4d6978-d486-11e5-817c-086266a2412a-0-sampled-500-slicestratified-0.12-resample-0-0.1-unimodal-filtered.txt
2016-02-16 09:48:46,787 INFO: Processing input file: f2251612-d486-11e5-98fc-086266a2412a-0-sampled-500-slicestratified-0.12-resample-0-0.1-unimodal-filtered.txt
2016-02-16 09:48:46,787 INFO: Processing input file: c6fbfc8e-d487-11e5-9c24-086266a2412a-0-sampled-500-slicestratified-0.12-resample-0-0.1-unimodal-filtered.txt
2016-02-16 09:48:46,787 INFO: Processing input file: 9ad5fa5a-d488-11e5-8ee6-086266a2412a-0-sampled-500-slicestratified-0.12-resample-0-0.1-unimodal-filtered.txt
2016-02-16 09:48:46,787 INFO: Processing input file: 6f46eace-d489-11e5-a7a2-086266a2412a-0-sampled-500-slicestratified-0.12-resample-0-0.1-unimodal-filtered.txt
2016-02-16 09:48:46,787 INFO: Processing input file: 4488f65a-d48a-11e5-9880-086266a2412a-0-sampled-500-slicestratified-0.12-resample-0-0.1-unimodal-filtered.txt
2016-02-16 09:48:46,787 INFO: Processing input file: 1c08ca7e-d48b-11e5-bcb5-086266a2412a-0-sampled-500-slicestratified-0.12-resample-0-0.1-unimodal-filtered.txt
2016-02-16 09:48:46,787 INFO: Processing input file: fd193094-d48b-11e5-b9b0-086266a2412a-0-sampled-500-slicestratified-0.12-resample-0-0.1-unimodal-filtered.txt
2016-02-16 09:48:46,787 INFO: Processing input file: da59a39e-d48c-11e5-8c2c-086266a2412a-0-sampled-500-slicestratified-0.12-resample-0-0.1-unimodal-filtered.txt
2016-02-16 09:48:46,788 INFO: Processing input file: b86e2006-d48d-11e5-b5b3-086266a2412a-0-sampled-500-slicestratified-0.12-resample-0-0.1-unimodal-filtered.txt
2016-02-16 09:48:46,788 INFO: Processing input file: 967310aa-d48e-11e5-b469-086266a2412a-0-sampled-500-slicestratified-0.12-resample-0-0.1-unimodal-filtered.txt
2016-02-16 09:48:46,788 INFO: Processing input file: 72e80874-d48f-11e5-911d-086266a2412a-0-sampled-500-slicestratified-0.12-resample-0-0.1-unimodal-filtered.txt
2016-02-16 09:48:46,788 INFO: Processing input file: 5088da6e-d490-11e5-84e0-086266a2412a-0-sampled-500-slicestratified-0.12-resample-0-0.1-unimodal-filtered.txt
2016-02-16 09:48:46,788 INFO: Processing input file: 2c710e5c-d491-11e5-8dfa-086266a2412a-0-sampled-500-slicestratified-0.12-resample-0-0.1-unimodal-filtered.txt
2016-02-16 09:48:46,788 INFO: Processing input file: 096e1926-d492-11e5-97bc-086266a2412a-0-sampled-500-slicestratified-0.12-resample-0-0.1-unimodal-filtered.txt
2016-02-16 09:48:46,788 INFO: Processing input file: e711acfc-d492-11e5-98b6-086266a2412a-0-sampled-500-slicestratified-0.12-resample-0-0.1-unimodal-filtered.txt
2016-02-16 09:48:46,788 INFO: Processing input file: c4240158-d493-11e5-8ccc-086266a2412a-0-sampled-500-slicestratified-0.12-resample-0-0.1-unimodal-filtered.txt
2016-02-16 09:48:46,788 INFO: Processing input file: a2e46d38-d494-11e5-8918-086266a2412a-0-sampled-500-slicestratified-0.12-resample-0-0.1-unimodal-filtered.txt
2016-02-16 09:48:46,788 INFO: Processing input file: 82ff9532-d495-11e5-be52-086266a2412a-0-sampled-500-slicestratified-0.12-resample-0-0.1-unimodal-filtered.txt
2016-02-16 09:48:46,788 INFO: Processing input file: 616cf5f8-d496-11e5-a15d-086266a2412a-0-sampled-500-slicestratified-0.12-resample-0-0.1-unimodal-filtered.txt
2016-02-16 09:48:46,788 INFO: Processing input file: 3d40cd34-d497-11e5-8827-086266a2412a-0-sampled-500-slicestratified-0.12-resample-0-0.1-unimodal-filtered.txt
2016-02-16 09:48:46,788 INFO: Processing input file: 1a28f6fe-d498-11e5-a399-086266a2412a-0-sampled-500-slicestratified-0.12-resample-0-0.1-unimodal-filtered.txt
2016-02-16 09:48:46,789 INFO: Processing input file: f78e3108-d498-11e5-8b17-086266a2412a-0-sampled-500-slicestratified-0.12-resample-0-0.1-unimodal-filtered.txt
2016-02-16 09:48:46,789 INFO: Processing input file: d6d096e4-d499-11e5-b21f-086266a2412a-0-sampled-500-slicestratified-0.12-resample-0-0.1-unimodal-filtered.txt
2016-02-16 09:48:46,789 INFO: Processing input file: b0824cac-d49a-11e5-92a2-086266a2412a-0-sampled-500-slicestratified-0.12-resample-0-0.1-unimodal-filtered.txt
2016-02-16 09:48:46,789 INFO: Processing input file: 88f4cdc6-d49b-11e5-a011-086266a2412a-0-sampled-500-slicestratified-0.12-resample-0-0.1-unimodal-filtered.txt
2016-02-16 09:48:46,789 INFO: Processing input file: 60859e5a-d49c-11e5-a301-086266a2412a-0-sampled-500-slicestratified-0.12-resample-0-0.1-unimodal-filtered.txt
